<?xml version="1.0" encoding="UTF-8"?>
<testsuite xmlns:xsi="http://www.w3.org/2001/XMLSchema-instance"
           xsi:noNamespaceSchemaLocation="https://maven.apache.org/surefire/maven-surefire-plugin/xsd/surefire-test-report.xsd"
           name="com.veryitman.springboot.SpringbootApplicationTests" time="3.746" tests="4" errors="0" skipped="0"
           failures="0">
    <properties>
[...]
</properties>
    <testcase name="generateDocsFile" classname="com.veryitman.springboot.SpringbootApplicationTests" time="1.052"/>
    <testcase name="signinTest" classname="com.veryitman.springboot.SpringbootApplicationTests" time="0.078"/>
    <testcase name="signupTest" classname="com.veryitman.springboot.SpringbootApplicationTests" time="0.004"/>
    <testcase name="generateMarkdownFile" classname="com.veryitman.springboot.SpringbootApplicationTests" time="0.04"/>
</testsuite>