<?xml version="1.0" encoding="UTF-8"?>
<testsuite xmlns:xsi="http://www.w3.org/2001/XMLSchema-instance" xsi:noNamespaceSchemaLocation="https://maven.apache.org/surefire/maven-surefire-plugin/xsd/surefire-test-report.xsd" name="com.veryitman.springboot.SpringbootApplicationTests" time="4.695" tests="4" errors="0" skipped="0" failures="0">
  <properties>
[...]
</properties>
  <testcase name="generateDocsFile" classname="com.veryitman.springboot.SpringbootApplicationTests" time="1.26"/>
  <testcase name="signinTest" classname="com.veryitman.springboot.SpringbootApplicationTests" time="0.076"/>
  <testcase name="signupTest" classname="com.veryitman.springboot.SpringbootApplicationTests" time="0.004"/>
  <testcase name="generateMarkdownFile" classname="com.veryitman.springboot.SpringbootApplicationTests" time="0.047"/>
</testsuite>